0 info it worked if it ends with ok
1 verbose cli [ 'c:\\Program Files (x86)\\nodejs\\\\node.exe',
1 verbose cli   'c:\\Program Files (x86)\\nodejs\\node_modules\\npm\\bin\\npm-cli.js',
1 verbose cli   'run',
1 verbose cli   'tsc:w' ]
2 info using npm@1.4.9
3 info using node@v0.10.28
4 verbose node symlink c:\Program Files (x86)\nodejs\\node.exe
5 verbose run-script [ 'pretsc:w', 'tsc:w', 'posttsc:w' ]
6 info pretsc:w product-management@1.0.0
7 info tsc:w product-management@1.0.0
8 verbose unsafe-perm in lifecycle true
9 info product-management@1.0.0 Failed to exec tsc:w script
10 error product-management@1.0.0 tsc:w: `tsc -w`
10 error Exit status -1073741510
11 error Failed at the product-management@1.0.0 tsc:w script.
11 error This is most likely a problem with the product-management package,
11 error not with npm itself.
11 error Tell the author that this fails on your system:
11 error     tsc -w
11 error You can get their info via:
11 error     npm owner ls product-management
11 error There is likely additional logging output above.
12 error System Windows_NT 6.1.7601
13 error command "c:\\Program Files (x86)\\nodejs\\\\node.exe" "c:\\Program Files (x86)\\nodejs\\node_modules\\npm\\bin\\npm-cli.js" "run" "tsc:w"
14 error cwd c:\Users\U490066\Desktop\Dave\Angular2\APM
15 error node -v v0.10.28
16 error npm -v 1.4.9
17 error code ELIFECYCLE
18 verbose exit [ 1, true ]
